====================================================================================================
Lint Performance Report
Questa Lint  Version 2021.1 4558100 win64 28-Jan-2021

Timestamp            : Sat Mar  8 11:18:32 2025
Description          : Report for performance of different Lint check groups

Sections:
   Section 1 : Performance During ELAB
   Section 2 : Performance During CREATE_NETLIST
====================================================================================================


====================================================================================================
Section 1 : Elaboration 
====================================================================================================

====================================================================================================
Section 2 : Create Netlist 
====================================================================================================


====================================================================================================
Section 2 : Create Netlist 
====================================================================================================


====================================================================================================
Section 2 : Create Netlist 
====================================================================================================


====================================================================================================
Section 2 : Create Netlist 
====================================================================================================


====================================================================================================
Section 2 : Create Netlist 
====================================================================================================


====================================================================================================
Section 2 : Create Netlist 
====================================================================================================

