================================================================================
== Profile: REAL-TIME, CPU-freq = 0.00 GHz
                                                          Calls Real-Time  Parent 
                                                                   (secs) fraction

    <zixl_543IiP35>~_zixl                                                1 14779914289.0 (100.0%)
  zixl_z57-ZAiL~_zixl                                                    1 14779914289.0         
    zixl_iSe2-4IPr155~_zixl                                              1 1087710003.0 (  7.4%)
      zixl_tP42-1eAyPIA2iPL~_zixl                                        1 745420635.0 ( 68.5%)
        zixl_tP42-ZAiL~_zixl                                             1 718573112.0 ( 96.4%)
          zixl_bgV-NIAL5eA2iPL~_zixl                                     1 110503812.0 ( 15.4%)
            zixl_V91rdrP41 [R]~_zixl                                   106 34248122.0 ( 31.0%)
            zixl_iSe2-2IAL5eA21-tePq~_zixl                               6 33096415.0 ( 30.0%)
              zixl_2IAL5eA2iLq~_zixl                                     6 31158338.0 ( 94.1%)
                zixl_2IAL5eA21-tePq~_zixl                                6 16318026.0 ( 52.4%)
                <zixl_I152>~_zixl                                          14804344.0 ( 47.5%)
              <zixl_I152>~_zixl                                            1938077.0 (  5.9%)
            <zixl_I152>~_zixl                                              43159275.0 ( 39.1%)
          zixl_eiL2-4I1-1eAy-rAeeyAr8~_zixl                             14 86022041.0 ( 12.0%)
            zixl_V91rdrP41 [E]~_zixl                                     8 7597241.0 (  8.8%)
            <zixl_I152>~_zixl                                              78424800.0 ( 91.2%)
          <zixl_I152>~_zixl                                                519076503.0 ( 72.2%)
        <zixl_I152>~_zixl                                                  26847523.0 (  3.6%)
      zixl_bgV-I152PI1-UPI8-ZA44iLq~_zixl                                1 106275547.0 (  9.8%)
      zixl_5At1-tP42-SA2A~_zixl                                          1 15417787.0 (  1.4%)
        zixl_iSe2-5At1~_zixl                                             1 15413901.0 (100.0%)
          zixl_42-5At1~_zixl                                             7 9685823.0 ( 62.8%)
          zixl_4rSy-5At1-iL21IZ1SiA21~_zixl                              1 2251634.0 ( 14.6%)
          zixl_iSe2-32q-5At1~_zixl                                       1 2229861.0 ( 14.5%)
          <zixl_I152>~_zixl                                                1246583.0 (  8.1%)
      zixl_u2q-I152PI1~_zixl                                             8 12079394.0 (  1.1%)
        zixl_4P43eA21-rPZ4e121-L1e2~_zixl                                1 2653261.0 ( 22.0%)
        <zixl_I152>~_zixl                                                  9426133.0 ( 78.0%)
      <zixl_I152>~_zixl                                                    197053100.0 ( 18.1%)
      <zixl_58i441S>~_zixl                                                 11463540.0 (  1.1%)
    <zixl_I152>~_zixl                                                      13692190136.0 ( 92.6%)


================================================================================
== Profile: PEAK-MEMORY, CPU-freq = 0.00 GHz
                                                          Calls   Peak-Mb         
                                                                                  

